<?xml version="1.0" encoding="UTF-8"?>
<!-- Generated by org.testng.reporters.JUnitReportReporter -->
<testsuite hostname="DESKTOP-4K4NBNI" failures="0" tests="3" name="Exam.NewTest" time="53.095" errors="0" timestamp="2024-01-09T23:11:13 IST" skipped="0">
  <testcase classname="Exam.NewTest" name="Course" time="7.959"/>
  <testcase classname="Exam.NewTest" name="FreeTrailPage" time="30.545"/>
  <testcase classname="Exam.NewTest" name="LoginPage" time="14.591"/>
</testsuite> <!-- Exam.NewTest -->
