<?xml version="1.0" encoding="UTF-8"?>
<!-- Generated by org.testng.reporters.JUnitReportReporter -->
<testsuite hostname="DESKTOP-4K4NBNI" failures="0" tests="1" name="Exam.Register" time="64.988" errors="0" timestamp="2024-01-11T08:30:53 IST" skipped="0">
  <testcase classname="Exam.Register" name="function" time="64.988"/>
</testsuite> <!-- Exam.Register -->
